#
# There is insufficient memory for the Java Runtime Environment to continue.
# Native memory allocation (malloc) failed to allocate 32744 bytes for Chunk::new
# Possible reasons:
#   The system is out of physical RAM or swap space
#   The process is running with CompressedOops enabled, and the Java Heap may be blocking the growth of the native heap
# Possible solutions:
#   Reduce memory load on the system
#   Increase physical memory or swap space
#   Check if swap backing store is full
#   Decrease Java heap size (-Xmx/-Xms)
#   Decrease number of Java threads
#   Decrease Java thread stack sizes (-Xss)
#   Set larger code cache with -XX:ReservedCodeCacheSize=
#   JVM is running with Zero Based Compressed Oops mode in which the Java heap is
#     placed in the first 32GB address space. The Java Heap base address is the
#     maximum limit for the native heap growth. Please use -XX:HeapBaseMinAddress
#     to set the Java Heap base and to place the Java Heap above 32GB virtual address.
# This output file may be truncated or incomplete.
#
#  Out of Memory Error (arena.cpp:184), pid=15904, tid=18104
#
# JRE version: OpenJDK Runtime Environment (20.0.1+9) (build 20.0.1+9-29)
# Java VM: OpenJDK 64-Bit Server VM (20.0.1+9-29, mixed mode, sharing, tiered, compressed oops, compressed class ptrs, g1 gc, windows-amd64)
# No core dump will be written. Minidumps are not enabled by default on client versions of Windows
#

---------------  S U M M A R Y ------------

Command Line: -javaagent:C:\Program Files\JetBrains\IntelliJ IDEA 2023.1.2\lib\idea_rt.jar=55076:C:\Program Files\JetBrains\IntelliJ IDEA 2023.1.2\bin -Dfile.encoding=UTF-8 -Dsun.stdout.encoding=UTF-8 -Dsun.stderr.encoding=UTF-8 org.ngu.App

Host: 11th Gen Intel(R) Core(TM) i7-11370H @ 3.30GHz, 8 cores, 15G,  Windows 10 , 64 bit Build 19041 (10.0.19041.2546)
Time: Fri May 26 03:25:56 2023 Novosibirsk Standard Time elapsed time: 6.008022 seconds (0d 0h 0m 6s)

---------------  T H R E A D  ---------------

Current thread (0x0000013ae8d14db0):  JavaThread "C1 CompilerThread0" daemon [_thread_in_native, id=18104, stack(0x00000009f1700000,0x00000009f1800000)]


Current CompileTask:
C1:   6008 1317   !   3       java.awt.DefaultKeyboardFocusManager::dispatchEvent (1625 bytes)

Stack: [0x00000009f1700000,0x00000009f1800000]
Native frames: (J=compiled Java code, j=interpreted, Vv=VM code, C=native code)
V  [jvm.dll+0x6bb95a]
V  [jvm.dll+0x8485fa]
V  [jvm.dll+0x84a1f5]
V  [jvm.dll+0x84a8f3]
V  [jvm.dll+0x280b0f]
V  [jvm.dll+0xc2b11]
V  [jvm.dll+0xc2e35]
V  [jvm.dll+0x1413fe]
V  [jvm.dll+0x1407b7]
V  [jvm.dll+0x19dcfd]
V  [jvm.dll+0x19e8e6]
V  [jvm.dll+0x158863]
V  [jvm.dll+0x158152]
V  [jvm.dll+0x158384]
V  [jvm.dll+0x1577c6]
V  [jvm.dll+0x1594fd]
V  [jvm.dll+0x259e1b]
V  [jvm.dll+0x2584f0]
V  [jvm.dll+0x3f2895]
V  [jvm.dll+0x7f4b56]
V  [jvm.dll+0x6ba5cb]
C  [ucrtbase.dll+0x21bb2]
C  [KERNEL32.DLL+0x17614]
C  [ntdll.dll+0x526a1]


---------------  P R O C E S S  ---------------

Threads class SMR info:
_java_thread_list=0x0000013aed8001b0, length=17, elements={
0x0000013ac986bc10, 0x0000013ae8cdd8d0, 0x0000013ae8cde960, 0x0000013ae8ce1b80,
0x0000013ae8ce35c0, 0x0000013ae8ce4190, 0x0000013ae8ce4d60, 0x0000013ae8cefe20,
0x0000013ae8d14db0, 0x0000013aed0b71a0, 0x0000013aed57c3e0, 0x0000013aed57c930,
0x0000013aed6d1310, 0x0000013aed6d3cf0, 0x0000013aed6d46c0, 0x0000013aed73ce60,
0x0000013aed90b440
}

Java Threads: ( => current thread )
  0x0000013ac986bc10 JavaThread "main" [_thread_blocked, id=16660, stack(0x00000009f0900000,0x00000009f0a00000)]
  0x0000013ae8cdd8d0 JavaThread "Reference Handler" daemon [_thread_blocked, id=16708, stack(0x00000009f1000000,0x00000009f1100000)]
  0x0000013ae8cde960 JavaThread "Finalizer" daemon [_thread_blocked, id=10720, stack(0x00000009f1100000,0x00000009f1200000)]
  0x0000013ae8ce1b80 JavaThread "Signal Dispatcher" daemon [_thread_blocked, id=6524, stack(0x00000009f1200000,0x00000009f1300000)]
  0x0000013ae8ce35c0 JavaThread "Attach Listener" daemon [_thread_blocked, id=3528, stack(0x00000009f1300000,0x00000009f1400000)]
  0x0000013ae8ce4190 JavaThread "Service Thread" daemon [_thread_blocked, id=14620, stack(0x00000009f1400000,0x00000009f1500000)]
  0x0000013ae8ce4d60 JavaThread "Monitor Deflation Thread" daemon [_thread_blocked, id=10496, stack(0x00000009f1500000,0x00000009f1600000)]
  0x0000013ae8cefe20 JavaThread "C2 CompilerThread0" daemon [_thread_blocked, id=13464, stack(0x00000009f1600000,0x00000009f1700000)]
=>0x0000013ae8d14db0 JavaThread "C1 CompilerThread0" daemon [_thread_in_native, id=18104, stack(0x00000009f1700000,0x00000009f1800000)]
  0x0000013aed0b71a0 JavaThread "Common-Cleaner" daemon [_thread_blocked, id=11440, stack(0x00000009f1800000,0x00000009f1900000)]
  0x0000013aed57c3e0 JavaThread "Monitor Ctrl-Break" daemon [_thread_in_native, id=17964, stack(0x00000009f1a00000,0x00000009f1b00000)]
  0x0000013aed57c930 JavaThread "Notification Thread" daemon [_thread_blocked, id=4560, stack(0x00000009f1b00000,0x00000009f1c00000)]
  0x0000013aed6d1310 JavaThread "Java2D Disposer" daemon [_thread_blocked, id=18240, stack(0x00000009f1d00000,0x00000009f1e00000)]
  0x0000013aed6d3cf0 JavaThread "AWT-Shutdown" [_thread_blocked, id=17980, stack(0x00000009f1e00000,0x00000009f1f00000)]
  0x0000013aed6d46c0 JavaThread "AWT-Windows" daemon [_thread_in_native, id=17452, stack(0x00000009f1f00000,0x00000009f2000000)]
  0x0000013aed73ce60 JavaThread "AWT-EventQueue-0" [_thread_in_native, id=7356, stack(0x00000009f2000000,0x00000009f2100000)]
  0x0000013aed90b440 JavaThread "TimerQueue" daemon [_thread_blocked, id=17884, stack(0x00000009f2400000,0x00000009f2500000)]

Other Threads:
  0x0000013ae8cbea90 VMThread "VM Thread" [stack: 0x00000009f0f00000,0x00000009f1000000] [id=18028]
  0x0000013aed57d290 WatcherThread "VM Periodic Task Thread" [stack: 0x00000009f1c00000,0x00000009f1d00000] [id=17660]
  0x0000013ac98d5480 WorkerThread "GC Thread#0" [stack: 0x00000009f0a00000,0x00000009f0b00000] [id=17304]
  0x0000013ac98e6f50 ConcurrentGCThread "G1 Main Marker" [stack: 0x00000009f0b00000,0x00000009f0c00000] [id=996]
  0x0000013ac98e7980 WorkerThread "G1 Conc#0" [stack: 0x00000009f0c00000,0x00000009f0d00000] [id=10680]
  0x0000013ae8b7e540 ConcurrentGCThread "G1 Refine#0" [stack: 0x00000009f0d00000,0x00000009f0e00000] [id=15616]
  0x0000013ae8b7efe0 ConcurrentGCThread "G1 Service" [stack: 0x00000009f0e00000,0x00000009f0f00000] [id=12428]

Threads with active compile tasks:
C1 CompilerThread0     6024 1317   !   3       java.awt.DefaultKeyboardFocusManager::dispatchEvent (1625 bytes)

VM state: not at safepoint (normal execution)

VM Mutex/Monitor currently owned by a thread: None

Heap address: 0x0000000705000000, size: 4016 MB, Compressed Oops mode: Zero based, Oop shift amount: 3

CDS archive(s) mapped at: [0x0000000800000000-0x0000000800c60000-0x0000000800c60000), size 12976128, SharedBaseAddress: 0x0000000800000000, ArchiveRelocationMode: 0.
Compressed class space mapped at: 0x0000000801000000-0x0000000841000000, reserved size: 1073741824
Narrow klass base: 0x0000000800000000, Narrow klass shift: 0, Narrow klass range: 0x100000000

GC Precious Log:
 CardTable entry size: 512
 Card Set container configuration: InlinePtr #cards 4 size 8 Array Of Cards #cards 16 size 48 Howl #buckets 8 coarsen threshold 3686 Howl Bitmap #cards 512 size 80 coarsen threshold 460 Card regions per heap region 1 cards per card region 4096
 CPUs: 8 total, 8 available
 Memory: 16061M
 Large Page Support: Disabled
 NUMA Support: Disabled
 Compressed Oops: Enabled (Zero based)
 Heap Region Size: 2M
 Heap Min Capacity: 8M
 Heap Initial Capacity: 252M
 Heap Max Capacity: 4016M
 Pre-touch: Disabled
 Parallel Workers: 8
 Concurrent Workers: 2
 Concurrent Refinement Workers: 8
 Periodic GC: Disabled

Heap:
 garbage-first heap   total 258048K, used 14336K [0x0000000705000000, 0x0000000800000000)
  region size 2048K, 8 young (16384K), 0 survivors (0K)
 Metaspace       used 9035K, committed 9216K, reserved 1114112K
  class space    used 1004K, committed 1088K, reserved 1048576K

Heap Regions: E=young(eden), S=young(survivor), O=old, HS=humongous(starts), HC=humongous(continues), CS=collection set, F=free, OA=open archive, CA=closed archive, TAMS=top-at-mark-start, PB=parsable bottom
|   0|0x0000000705000000, 0x0000000705000000, 0x0000000705200000|  0%| F|  |TAMS 0x0000000705000000| PB 0x0000000705000000| Untracked 
|   1|0x0000000705200000, 0x0000000705200000, 0x0000000705400000|  0%| F|  |TAMS 0x0000000705200000| PB 0x0000000705200000| Untracked 
|   2|0x0000000705400000, 0x0000000705400000, 0x0000000705600000|  0%| F|  |TAMS 0x0000000705400000| PB 0x0000000705400000| Untracked 
|   3|0x0000000705600000, 0x0000000705600000, 0x0000000705800000|  0%| F|  |TAMS 0x0000000705600000| PB 0x0000000705600000| Untracked 
|   4|0x0000000705800000, 0x0000000705800000, 0x0000000705a00000|  0%| F|  |TAMS 0x0000000705800000| PB 0x0000000705800000| Untracked 
|   5|0x0000000705a00000, 0x0000000705a00000, 0x0000000705c00000|  0%| F|  |TAMS 0x0000000705a00000| PB 0x0000000705a00000| Untracked 
|   6|0x0000000705c00000, 0x0000000705c00000, 0x0000000705e00000|  0%| F|  |TAMS 0x0000000705c00000| PB 0x0000000705c00000| Untracked 
|   7|0x0000000705e00000, 0x0000000705e00000, 0x0000000706000000|  0%| F|  |TAMS 0x0000000705e00000| PB 0x0000000705e00000| Untracked 
|   8|0x0000000706000000, 0x0000000706000000, 0x0000000706200000|  0%| F|  |TAMS 0x0000000706000000| PB 0x0000000706000000| Untracked 
|   9|0x0000000706200000, 0x0000000706200000, 0x0000000706400000|  0%| F|  |TAMS 0x0000000706200000| PB 0x0000000706200000| Untracked 
|  10|0x0000000706400000, 0x0000000706400000, 0x0000000706600000|  0%| F|  |TAMS 0x0000000706400000| PB 0x0000000706400000| Untracked 
|  11|0x0000000706600000, 0x0000000706600000, 0x0000000706800000|  0%| F|  |TAMS 0x0000000706600000| PB 0x0000000706600000| Untracked 
|  12|0x0000000706800000, 0x0000000706800000, 0x0000000706a00000|  0%| F|  |TAMS 0x0000000706800000| PB 0x0000000706800000| Untracked 
|  13|0x0000000706a00000, 0x0000000706a00000, 0x0000000706c00000|  0%| F|  |TAMS 0x0000000706a00000| PB 0x0000000706a00000| Untracked 
|  14|0x0000000706c00000, 0x0000000706c00000, 0x0000000706e00000|  0%| F|  |TAMS 0x0000000706c00000| PB 0x0000000706c00000| Untracked 
|  15|0x0000000706e00000, 0x0000000706e00000, 0x0000000707000000|  0%| F|  |TAMS 0x0000000706e00000| PB 0x0000000706e00000| Untracked 
|  16|0x0000000707000000, 0x0000000707000000, 0x0000000707200000|  0%| F|  |TAMS 0x0000000707000000| PB 0x0000000707000000| Untracked 
|  17|0x0000000707200000, 0x0000000707200000, 0x0000000707400000|  0%| F|  |TAMS 0x0000000707200000| PB 0x0000000707200000| Untracked 
|  18|0x0000000707400000, 0x0000000707400000, 0x0000000707600000|  0%| F|  |TAMS 0x0000000707400000| PB 0x0000000707400000| Untracked 
|  19|0x0000000707600000, 0x0000000707600000, 0x0000000707800000|  0%| F|  |TAMS 0x0000000707600000| PB 0x0000000707600000| Untracked 
|  20|0x0000000707800000, 0x0000000707800000, 0x0000000707a00000|  0%| F|  |TAMS 0x0000000707800000| PB 0x0000000707800000| Untracked 
|  21|0x0000000707a00000, 0x0000000707a00000, 0x0000000707c00000|  0%| F|  |TAMS 0x0000000707a00000| PB 0x0000000707a00000| Untracked 
|  22|0x0000000707c00000, 0x0000000707c00000, 0x0000000707e00000|  0%| F|  |TAMS 0x0000000707c00000| PB 0x0000000707c00000| Untracked 
|  23|0x0000000707e00000, 0x0000000707e00000, 0x0000000708000000|  0%| F|  |TAMS 0x0000000707e00000| PB 0x0000000707e00000| Untracked 
|  24|0x0000000708000000, 0x0000000708000000, 0x0000000708200000|  0%| F|  |TAMS 0x0000000708000000| PB 0x0000000708000000| Untracked 
|  25|0x0000000708200000, 0x0000000708200000, 0x0000000708400000|  0%| F|  |TAMS 0x0000000708200000| PB 0x0000000708200000| Untracked 
|  26|0x0000000708400000, 0x0000000708400000, 0x0000000708600000|  0%| F|  |TAMS 0x0000000708400000| PB 0x0000000708400000| Untracked 
|  27|0x0000000708600000, 0x0000000708600000, 0x0000000708800000|  0%| F|  |TAMS 0x0000000708600000| PB 0x0000000708600000| Untracked 
|  28|0x0000000708800000, 0x0000000708800000, 0x0000000708a00000|  0%| F|  |TAMS 0x0000000708800000| PB 0x0000000708800000| Untracked 
|  29|0x0000000708a00000, 0x0000000708a00000, 0x0000000708c00000|  0%| F|  |TAMS 0x0000000708a00000| PB 0x0000000708a00000| Untracked 
|  30|0x0000000708c00000, 0x0000000708c00000, 0x0000000708e00000|  0%| F|  |TAMS 0x0000000708c00000| PB 0x0000000708c00000| Untracked 
|  31|0x0000000708e00000, 0x0000000708e00000, 0x0000000709000000|  0%| F|  |TAMS 0x0000000708e00000| PB 0x0000000708e00000| Untracked 
|  32|0x0000000709000000, 0x0000000709000000, 0x0000000709200000|  0%| F|  |TAMS 0x0000000709000000| PB 0x0000000709000000| Untracked 
|  33|0x0000000709200000, 0x0000000709200000, 0x0000000709400000|  0%| F|  |TAMS 0x0000000709200000| PB 0x0000000709200000| Untracked 
|  34|0x0000000709400000, 0x0000000709400000, 0x0000000709600000|  0%| F|  |TAMS 0x0000000709400000| PB 0x0000000709400000| Untracked 
|  35|0x0000000709600000, 0x0000000709600000, 0x0000000709800000|  0%| F|  |TAMS 0x0000000709600000| PB 0x0000000709600000| Untracked 
|  36|0x0000000709800000, 0x0000000709800000, 0x0000000709a00000|  0%| F|  |TAMS 0x0000000709800000| PB 0x0000000709800000| Untracked 
|  37|0x0000000709a00000, 0x0000000709a00000, 0x0000000709c00000|  0%| F|  |TAMS 0x0000000709a00000| PB 0x0000000709a00000| Untracked 
|  38|0x0000000709c00000, 0x0000000709c00000, 0x0000000709e00000|  0%| F|  |TAMS 0x0000000709c00000| PB 0x0000000709c00000| Untracked 
|  39|0x0000000709e00000, 0x0000000709e00000, 0x000000070a000000|  0%| F|  |TAMS 0x0000000709e00000| PB 0x0000000709e00000| Untracked 
|  40|0x000000070a000000, 0x000000070a000000, 0x000000070a200000|  0%| F|  |TAMS 0x000000070a000000| PB 0x000000070a000000| Untracked 
|  41|0x000000070a200000, 0x000000070a200000, 0x000000070a400000|  0%| F|  |TAMS 0x000000070a200000| PB 0x000000070a200000| Untracked 
|  42|0x000000070a400000, 0x000000070a400000, 0x000000070a600000|  0%| F|  |TAMS 0x000000070a400000| PB 0x000000070a400000| Untracked 
|  43|0x000000070a600000, 0x000000070a600000, 0x000000070a800000|  0%| F|  |TAMS 0x000000070a600000| PB 0x000000070a600000| Untracked 
|  44|0x000000070a800000, 0x000000070a800000, 0x000000070aa00000|  0%| F|  |TAMS 0x000000070a800000| PB 0x000000070a800000| Untracked 
|  45|0x000000070aa00000, 0x000000070aa00000, 0x000000070ac00000|  0%| F|  |TAMS 0x000000070aa00000| PB 0x000000070aa00000| Untracked 
|  46|0x000000070ac00000, 0x000000070ac00000, 0x000000070ae00000|  0%| F|  |TAMS 0x000000070ac00000| PB 0x000000070ac00000| Untracked 
|  47|0x000000070ae00000, 0x000000070ae00000, 0x000000070b000000|  0%| F|  |TAMS 0x000000070ae00000| PB 0x000000070ae00000| Untracked 
|  48|0x000000070b000000, 0x000000070b000000, 0x000000070b200000|  0%| F|  |TAMS 0x000000070b000000| PB 0x000000070b000000| Untracked 
|  49|0x000000070b200000, 0x000000070b200000, 0x000000070b400000|  0%| F|  |TAMS 0x000000070b200000| PB 0x000000070b200000| Untracked 
|  50|0x000000070b400000, 0x000000070b400000, 0x000000070b600000|  0%| F|  |TAMS 0x000000070b400000| PB 0x000000070b400000| Untracked 
|  51|0x000000070b600000, 0x000000070b600000, 0x000000070b800000|  0%| F|  |TAMS 0x000000070b600000| PB 0x000000070b600000| Untracked 
|  52|0x000000070b800000, 0x000000070b800000, 0x000000070ba00000|  0%| F|  |TAMS 0x000000070b800000| PB 0x000000070b800000| Untracked 
|  53|0x000000070ba00000, 0x000000070ba00000, 0x000000070bc00000|  0%| F|  |TAMS 0x000000070ba00000| PB 0x000000070ba00000| Untracked 
|  54|0x000000070bc00000, 0x000000070bc00000, 0x000000070be00000|  0%| F|  |TAMS 0x000000070bc00000| PB 0x000000070bc00000| Untracked 
|  55|0x000000070be00000, 0x000000070be00000, 0x000000070c000000|  0%| F|  |TAMS 0x000000070be00000| PB 0x000000070be00000| Untracked 
|  56|0x000000070c000000, 0x000000070c000000, 0x000000070c200000|  0%| F|  |TAMS 0x000000070c000000| PB 0x000000070c000000| Untracked 
|  57|0x000000070c200000, 0x000000070c200000, 0x000000070c400000|  0%| F|  |TAMS 0x000000070c200000| PB 0x000000070c200000| Untracked 
|  58|0x000000070c400000, 0x000000070c400000, 0x000000070c600000|  0%| F|  |TAMS 0x000000070c400000| PB 0x000000070c400000| Untracked 
|  59|0x000000070c600000, 0x000000070c600000, 0x000000070c800000|  0%| F|  |TAMS 0x000000070c600000| PB 0x000000070c600000| Untracked 
|  60|0x000000070c800000, 0x000000070c800000, 0x000000070ca00000|  0%| F|  |TAMS 0x000000070c800000| PB 0x000000070c800000| Untracked 
|  61|0x000000070ca00000, 0x000000070ca00000, 0x000000070cc00000|  0%| F|  |TAMS 0x000000070ca00000| PB 0x000000070ca00000| Untracked 
|  62|0x000000070cc00000, 0x000000070cc00000, 0x000000070ce00000|  0%| F|  |TAMS 0x000000070cc00000| PB 0x000000070cc00000| Untracked 
|  63|0x000000070ce00000, 0x000000070ce00000, 0x000000070d000000|  0%| F|  |TAMS 0x000000070ce00000| PB 0x000000070ce00000| Untracked 
|  64|0x000000070d000000, 0x000000070d000000, 0x000000070d200000|  0%| F|  |TAMS 0x000000070d000000| PB 0x000000070d000000| Untracked 
|  65|0x000000070d200000, 0x000000070d200000, 0x000000070d400000|  0%| F|  |TAMS 0x000000070d200000| PB 0x000000070d200000| Untracked 
|  66|0x000000070d400000, 0x000000070d400000, 0x000000070d600000|  0%| F|  |TAMS 0x000000070d400000| PB 0x000000070d400000| Untracked 
|  67|0x000000070d600000, 0x000000070d600000, 0x000000070d800000|  0%| F|  |TAMS 0x000000070d600000| PB 0x000000070d600000| Untracked 
|  68|0x000000070d800000, 0x000000070d800000, 0x000000070da00000|  0%| F|  |TAMS 0x000000070d800000| PB 0x000000070d800000| Untracked 
|  69|0x000000070da00000, 0x000000070da00000, 0x000000070dc00000|  0%| F|  |TAMS 0x000000070da00000| PB 0x000000070da00000| Untracked 
|  70|0x000000070dc00000, 0x000000070dc00000, 0x000000070de00000|  0%| F|  |TAMS 0x000000070dc00000| PB 0x000000070dc00000| Untracked 
|  71|0x000000070de00000, 0x000000070de00000, 0x000000070e000000|  0%| F|  |TAMS 0x000000070de00000| PB 0x000000070de00000| Untracked 
|  72|0x000000070e000000, 0x000000070e000000, 0x000000070e200000|  0%| F|  |TAMS 0x000000070e000000| PB 0x000000070e000000| Untracked 
|  73|0x000000070e200000, 0x000000070e200000, 0x000000070e400000|  0%| F|  |TAMS 0x000000070e200000| PB 0x000000070e200000| Untracked 
|  74|0x000000070e400000, 0x000000070e400000, 0x000000070e600000|  0%| F|  |TAMS 0x000000070e400000| PB 0x000000070e400000| Untracked 
|  75|0x000000070e600000, 0x000000070e600000, 0x000000070e800000|  0%| F|  |TAMS 0x000000070e600000| PB 0x000000070e600000| Untracked 
|  76|0x000000070e800000, 0x000000070e800000, 0x000000070ea00000|  0%| F|  |TAMS 0x000000070e800000| PB 0x000000070e800000| Untracked 
|  77|0x000000070ea00000, 0x000000070ea00000, 0x000000070ec00000|  0%| F|  |TAMS 0x000000070ea00000| PB 0x000000070ea00000| Untracked 
|  78|0x000000070ec00000, 0x000000070ec00000, 0x000000070ee00000|  0%| F|  |TAMS 0x000000070ec00000| PB 0x000000070ec00000| Untracked 
|  79|0x000000070ee00000, 0x000000070ee00000, 0x000000070f000000|  0%| F|  |TAMS 0x000000070ee00000| PB 0x000000070ee00000| Untracked 
|  80|0x000000070f000000, 0x000000070f000000, 0x000000070f200000|  0%| F|  |TAMS 0x000000070f000000| PB 0x000000070f000000| Untracked 
|  81|0x000000070f200000, 0x000000070f200000, 0x000000070f400000|  0%| F|  |TAMS 0x000000070f200000| PB 0x000000070f200000| Untracked 
|  82|0x000000070f400000, 0x000000070f400000, 0x000000070f600000|  0%| F|  |TAMS 0x000000070f400000| PB 0x000000070f400000| Untracked 
|  83|0x000000070f600000, 0x000000070f600000, 0x000000070f800000|  0%| F|  |TAMS 0x000000070f600000| PB 0x000000070f600000| Untracked 
|  84|0x000000070f800000, 0x000000070f800000, 0x000000070fa00000|  0%| F|  |TAMS 0x000000070f800000| PB 0x000000070f800000| Untracked 
|  85|0x000000070fa00000, 0x000000070fa00000, 0x000000070fc00000|  0%| F|  |TAMS 0x000000070fa00000| PB 0x000000070fa00000| Untracked 
|  86|0x000000070fc00000, 0x000000070fc00000, 0x000000070fe00000|  0%| F|  |TAMS 0x000000070fc00000| PB 0x000000070fc00000| Untracked 
|  87|0x000000070fe00000, 0x000000070fe00000, 0x0000000710000000|  0%| F|  |TAMS 0x000000070fe00000| PB 0x000000070fe00000| Untracked 
|  88|0x0000000710000000, 0x0000000710000000, 0x0000000710200000|  0%| F|  |TAMS 0x0000000710000000| PB 0x0000000710000000| Untracked 
|  89|0x0000000710200000, 0x0000000710200000, 0x0000000710400000|  0%| F|  |TAMS 0x0000000710200000| PB 0x0000000710200000| Untracked 
|  90|0x0000000710400000, 0x0000000710400000, 0x0000000710600000|  0%| F|  |TAMS 0x0000000710400000| PB 0x0000000710400000| Untracked 
|  91|0x0000000710600000, 0x0000000710600000, 0x0000000710800000|  0%| F|  |TAMS 0x0000000710600000| PB 0x0000000710600000| Untracked 
|  92|0x0000000710800000, 0x0000000710800000, 0x0000000710a00000|  0%| F|  |TAMS 0x0000000710800000| PB 0x0000000710800000| Untracked 
|  93|0x0000000710a00000, 0x0000000710a00000, 0x0000000710c00000|  0%| F|  |TAMS 0x0000000710a00000| PB 0x0000000710a00000| Untracked 
|  94|0x0000000710c00000, 0x0000000710c00000, 0x0000000710e00000|  0%| F|  |TAMS 0x0000000710c00000| PB 0x0000000710c00000| Untracked 
|  95|0x0000000710e00000, 0x0000000710e00000, 0x0000000711000000|  0%| F|  |TAMS 0x0000000710e00000| PB 0x0000000710e00000| Untracked 
|  96|0x0000000711000000, 0x0000000711000000, 0x0000000711200000|  0%| F|  |TAMS 0x0000000711000000| PB 0x0000000711000000| Untracked 
|  97|0x0000000711200000, 0x0000000711200000, 0x0000000711400000|  0%| F|  |TAMS 0x0000000711200000| PB 0x0000000711200000| Untracked 
|  98|0x0000000711400000, 0x0000000711400000, 0x0000000711600000|  0%| F|  |TAMS 0x0000000711400000| PB 0x0000000711400000| Untracked 
|  99|0x0000000711600000, 0x0000000711600000, 0x0000000711800000|  0%| F|  |TAMS 0x0000000711600000| PB 0x0000000711600000| Untracked 
| 100|0x0000000711800000, 0x0000000711800000, 0x0000000711a00000|  0%| F|  |TAMS 0x0000000711800000| PB 0x0000000711800000| Untracked 
| 101|0x0000000711a00000, 0x0000000711a00000, 0x0000000711c00000|  0%| F|  |TAMS 0x0000000711a00000| PB 0x0000000711a00000| Untracked 
| 102|0x0000000711c00000, 0x0000000711c00000, 0x0000000711e00000|  0%| F|  |TAMS 0x0000000711c00000| PB 0x0000000711c00000| Untracked 
| 103|0x0000000711e00000, 0x0000000711e00000, 0x0000000712000000|  0%| F|  |TAMS 0x0000000711e00000| PB 0x0000000711e00000| Untracked 
| 104|0x0000000712000000, 0x0000000712000000, 0x0000000712200000|  0%| F|  |TAMS 0x0000000712000000| PB 0x0000000712000000| Untracked 
| 105|0x0000000712200000, 0x0000000712200000, 0x0000000712400000|  0%| F|  |TAMS 0x0000000712200000| PB 0x0000000712200000| Untracked 
| 106|0x0000000712400000, 0x0000000712400000, 0x0000000712600000|  0%| F|  |TAMS 0x0000000712400000| PB 0x0000000712400000| Untracked 
| 107|0x0000000712600000, 0x0000000712600000, 0x0000000712800000|  0%| F|  |TAMS 0x0000000712600000| PB 0x0000000712600000| Untracked 
| 108|0x0000000712800000, 0x0000000712800000, 0x0000000712a00000|  0%| F|  |TAMS 0x0000000712800000| PB 0x0000000712800000| Untracked 
| 109|0x0000000712a00000, 0x0000000712a00000, 0x0000000712c00000|  0%| F|  |TAMS 0x0000000712a00000| PB 0x0000000712a00000| Untracked 
| 110|0x0000000712c00000, 0x0000000712c00000, 0x0000000712e00000|  0%| F|  |TAMS 0x0000000712c00000| PB 0x0000000712c00000| Untracked 
| 111|0x0000000712e00000, 0x0000000712e00000, 0x0000000713000000|  0%| F|  |TAMS 0x0000000712e00000| PB 0x0000000712e00000| Untracked 
| 112|0x0000000713000000, 0x0000000713000000, 0x0000000713200000|  0%| F|  |TAMS 0x0000000713000000| PB 0x0000000713000000| Untracked 
| 113|0x0000000713200000, 0x0000000713200000, 0x0000000713400000|  0%| F|  |TAMS 0x0000000713200000| PB 0x0000000713200000| Untracked 
| 114|0x0000000713400000, 0x0000000713400000, 0x0000000713600000|  0%| F|  |TAMS 0x0000000713400000| PB 0x0000000713400000| Untracked 
| 115|0x0000000713600000, 0x0000000713600000, 0x0000000713800000|  0%| F|  |TAMS 0x0000000713600000| PB 0x0000000713600000| Untracked 
| 116|0x0000000713800000, 0x0000000713800000, 0x0000000713a00000|  0%| F|  |TAMS 0x0000000713800000| PB 0x0000000713800000| Untracked 
| 117|0x0000000713a00000, 0x0000000713a00000, 0x0000000713c00000|  0%| F|  |TAMS 0x0000000713a00000| PB 0x0000000713a00000| Untracked 
| 118|0x0000000713c00000, 0x0000000713dc3608, 0x0000000713e00000| 88%| E|  |TAMS 0x0000000713c00000| PB 0x0000000713c00000| Complete 
| 119|0x0000000713e00000, 0x0000000714000000, 0x0000000714000000|100%| E|CS|TAMS 0x0000000713e00000| PB 0x0000000713e00000| Complete 
| 120|0x0000000714000000, 0x0000000714200000, 0x0000000714200000|100%| E|CS|TAMS 0x0000000714000000| PB 0x0000000714000000| Complete 
| 121|0x0000000714200000, 0x0000000714400000, 0x0000000714400000|100%| E|CS|TAMS 0x0000000714200000| PB 0x0000000714200000| Complete 
| 122|0x0000000714400000, 0x0000000714600000, 0x0000000714600000|100%| E|CS|TAMS 0x0000000714400000| PB 0x0000000714400000| Complete 
| 123|0x0000000714600000, 0x0000000714800000, 0x0000000714800000|100%| E|CS|TAMS 0x0000000714600000| PB 0x0000000714600000| Complete 
| 124|0x0000000714800000, 0x0000000714a00000, 0x0000000714a00000|100%| E|CS|TAMS 0x0000000714800000| PB 0x0000000714800000| Complete 
| 125|0x0000000714a00000, 0x0000000714c00000, 0x0000000714c00000|100%| E|CS|TAMS 0x0000000714a00000| PB 0x0000000714a00000| Complete 

Card table byte_map: [0x0000013ae1430000,0x0000013ae1c10000] _byte_map_base: 0x0000013addc08000

Marking Bits: (CMBitMap*) 0x0000013ac98d69d0
 Bits: [0x0000013ae23f0000, 0x0000013ae62b0000)

Polling page: 0x0000013ac77f0000

Metaspace:

Usage:
  Non-class:      7.84 MB used.
      Class:   1004.70 KB used.
       Both:      8.82 MB used.

Virtual space:
  Non-class space:       64.00 MB reserved,       7.94 MB ( 12%) committed,  1 nodes.
      Class space:        1.00 GB reserved,       1.06 MB ( <1%) committed,  1 nodes.
             Both:        1.06 GB reserved,       9.00 MB ( <1%) committed. 

Chunk freelists:
   Non-Class:  70.00 KB
       Class:  2.75 MB
        Both:  2.82 MB

MaxMetaspaceSize: unlimited
CompressedClassSpaceSize: 1.00 GB
Initial GC threshold: 21.00 MB
Current GC threshold: 21.00 MB
CDS: on
MetaspaceReclaimPolicy: balanced
 - commit_granule_bytes: 65536.
 - commit_granule_words: 8192.
 - virtual_space_node_default_size: 8388608.
 - enlarge_chunks_in_place: 1.
 - new_chunks_are_fully_committed: 0.
 - uncommit_free_chunks: 1.
 - use_allocation_guard: 0.


Internal statistics:

num_allocs_failed_limit: 0.
num_arena_births: 162.
num_arena_deaths: 0.
num_vsnodes_births: 2.
num_vsnodes_deaths: 0.
num_space_committed: 144.
num_space_uncommitted: 0.
num_chunks_returned_to_freelist: 0.
num_chunks_taken_from_freelist: 226.
num_chunk_merges: 0.
num_chunk_splits: 126.
num_chunks_enlarged: 50.
num_inconsistent_stats: 0.

CodeHeap 'non-profiled nmethods': size=120000Kb used=378Kb max_used=378Kb free=119621Kb
 bounds [0x0000013ad93f0000, 0x0000013ad9660000, 0x0000013ae0920000]
CodeHeap 'profiled nmethods': size=120000Kb used=1961Kb max_used=1961Kb free=118038Kb
 bounds [0x0000013ad1920000, 0x0000013ad1b90000, 0x0000013ad8e50000]
CodeHeap 'non-nmethods': size=5760Kb used=1780Kb max_used=1797Kb free=3979Kb
 bounds [0x0000013ad8e50000, 0x0000013ad90c0000, 0x0000013ad93f0000]
 total_blobs=1955 nmethods=1318 adapters=548
 compilation: enabled
              stopped_count=0, restarted_count=0
 full_count=0

Compilation events (20 events):
Event: 5.859 Thread 0x0000013ae8d14db0 nmethod 1307 0x0000013ad1b04d90 code [0x0000013ad1b04f20, 0x0000013ad1b05170]
Event: 5.980 Thread 0x0000013ae8d14db0 1308       3       java.awt.event.InvocationEvent::<init> (47 bytes)
Event: 5.980 Thread 0x0000013ae8d14db0 nmethod 1308 0x0000013ad1b05210 code [0x0000013ad1b053c0, 0x0000013ad1b056f0]
Event: 5.985 Thread 0x0000013ae8d14db0 1309       3       java.awt.event.MouseEvent::<init> (211 bytes)
Event: 5.986 Thread 0x0000013ae8d14db0 nmethod 1309 0x0000013ad1b05790 code [0x0000013ad1b05a60, 0x0000013ad1b06cd0]
Event: 5.986 Thread 0x0000013ae8d14db0 1310       3       sun.awt.windows.WComponentPeer::postEvent (17 bytes)
Event: 5.986 Thread 0x0000013ae8d14db0 nmethod 1310 0x0000013ad1b07290 code [0x0000013ad1b07480, 0x0000013ad1b07ae8]
Event: 5.986 Thread 0x0000013ae8d14db0 1311       3       sun.awt.windows.WWindowPeer::preprocessPostEvent (72 bytes)
Event: 5.986 Thread 0x0000013ae8d14db0 nmethod 1311 0x0000013ad1b07d10 code [0x0000013ad1b07ee0, 0x0000013ad1b08618]
Event: 5.991 Thread 0x0000013ae8d14db0 1312       3       java.awt.event.InvocationEvent::<init> (13 bytes)
Event: 5.991 Thread 0x0000013ae8d14db0 nmethod 1312 0x0000013ad1b08790 code [0x0000013ad1b08920, 0x0000013ad1b08a78]
Event: 5.991 Thread 0x0000013ae8d14db0 1313   !   3       java.awt.event.InvocationEvent::dispatch (69 bytes)
Event: 5.991 Thread 0x0000013ae8d14db0 nmethod 1313 0x0000013ad1b08b10 code [0x0000013ad1b08d00, 0x0000013ad1b093b8]
Event: 5.991 Thread 0x0000013ae8d14db0 1314       3       java.awt.EventQueue::setCurrentEventAndMostRecentTime (8 bytes)
Event: 5.991 Thread 0x0000013ae8d14db0 nmethod 1314 0x0000013ad1b09590 code [0x0000013ad1b09780, 0x0000013ad1b09c28]
Event: 5.994 Thread 0x0000013ae8d14db0 1315       3       java.util.concurrent.locks.ReentrantLock$NonfairSync::tryAcquire (27 bytes)
Event: 5.994 Thread 0x0000013ae8d14db0 nmethod 1315 0x0000013ad1b09e10 code [0x0000013ad1b09fc0, 0x0000013ad1b0a258]
Event: 6.001 Thread 0x0000013ae8d14db0 1316       3       sun.awt.SunToolkit::isTouchKeyboardAutoShowEnabled (4 bytes)
Event: 6.001 Thread 0x0000013ae8d14db0 nmethod 1316 0x0000013ad1b0a310 code [0x0000013ad1b0a4a0, 0x0000013ad1b0a5a0]
Event: 6.002 Thread 0x0000013ae8d14db0 1317   !   3       java.awt.DefaultKeyboardFocusManager::dispatchEvent (1625 bytes)

GC Heap History (0 events):
No events

Dll operation events (13 events):
Event: 0.005 Loaded shared library C:\Users\fogo\.jdks\openjdk-20.0.1\bin\java.dll
Event: 0.299 Loaded shared library C:\Users\fogo\.jdks\openjdk-20.0.1\bin\jsvml.dll
Event: 0.359 Loaded shared library C:\Users\fogo\.jdks\openjdk-20.0.1\bin\zip.dll
Event: 0.361 Loaded shared library C:\Users\fogo\.jdks\openjdk-20.0.1\bin\instrument.dll
Event: 0.366 Loaded shared library C:\Users\fogo\.jdks\openjdk-20.0.1\bin\net.dll
Event: 0.367 Loaded shared library C:\Users\fogo\.jdks\openjdk-20.0.1\bin\nio.dll
Event: 0.369 Loaded shared library C:\Users\fogo\.jdks\openjdk-20.0.1\bin\zip.dll
Event: 0.417 Loaded shared library C:\Program Files\JetBrains\IntelliJ IDEA 2023.1.2\bin\breakgen64.dll
Event: 0.425 Loaded shared library C:\Users\fogo\.jdks\openjdk-20.0.1\bin\extnet.dll
Event: 0.429 Loaded shared library C:\Users\fogo\.jdks\openjdk-20.0.1\bin\jimage.dll
Event: 0.442 Loaded shared library C:\Users\fogo\.jdks\openjdk-20.0.1\bin\awt.dll
Event: 0.591 Loaded shared library C:\Users\fogo\.jdks\openjdk-20.0.1\bin\freetype.dll
Event: 0.592 Loaded shared library C:\Users\fogo\.jdks\openjdk-20.0.1\bin\fontmanager.dll

Deoptimization events (20 events):
Event: 0.569 Thread 0x0000013ac986bc10 Uncommon trap: trap_request=0xffffffc6 fr.pc=0x0000013ad9405698 relative=0x0000000000000b98
Event: 0.569 Thread 0x0000013ac986bc10 Uncommon trap: reason=bimorphic_or_optimized_type_check action=maybe_recompile pc=0x0000013ad9405698 method=java.util.HashMap.putVal(ILjava/lang/Object;Ljava/lang/Object;ZZ)Ljava/lang/Object; @ 56 c2
Event: 0.569 Thread 0x0000013ac986bc10 DEOPT PACKING pc=0x0000013ad9405698 sp=0x00000009f09feb40
Event: 0.569 Thread 0x0000013ac986bc10 DEOPT UNPACKING pc=0x0000013ad8e6d2a2 sp=0x00000009f09feac8 mode 2
Event: 0.569 Thread 0x0000013ac986bc10 Uncommon trap: trap_request=0xffffffc6 fr.pc=0x0000013ad9405698 relative=0x0000000000000b98
Event: 0.569 Thread 0x0000013ac986bc10 Uncommon trap: reason=bimorphic_or_optimized_type_check action=maybe_recompile pc=0x0000013ad9405698 method=java.util.HashMap.putVal(ILjava/lang/Object;Ljava/lang/Object;ZZ)Ljava/lang/Object; @ 56 c2
Event: 0.569 Thread 0x0000013ac986bc10 DEOPT PACKING pc=0x0000013ad9405698 sp=0x00000009f09feb40
Event: 0.569 Thread 0x0000013ac986bc10 DEOPT UNPACKING pc=0x0000013ad8e6d2a2 sp=0x00000009f09feac8 mode 2
Event: 0.605 Thread 0x0000013ac986bc10 Uncommon trap: trap_request=0xffffffde fr.pc=0x0000013ad9400628 relative=0x00000000000001a8
Event: 0.605 Thread 0x0000013ac986bc10 Uncommon trap: reason=class_check action=maybe_recompile pc=0x0000013ad9400628 method=java.lang.String.equals(Ljava/lang/Object;)Z @ 8 c2
Event: 0.605 Thread 0x0000013ac986bc10 DEOPT PACKING pc=0x0000013ad9400628 sp=0x00000009f09ff100
Event: 0.605 Thread 0x0000013ac986bc10 DEOPT UNPACKING pc=0x0000013ad8e6d2a2 sp=0x00000009f09ff098 mode 2
Event: 0.605 Thread 0x0000013ac986bc10 Uncommon trap: trap_request=0xffffff45 fr.pc=0x0000013ad9400610 relative=0x0000000000000190
Event: 0.605 Thread 0x0000013ac986bc10 Uncommon trap: reason=unstable_if action=reinterpret pc=0x0000013ad9400610 method=java.lang.String.equals(Ljava/lang/Object;)Z @ 33 c2
Event: 0.605 Thread 0x0000013ac986bc10 DEOPT PACKING pc=0x0000013ad9400610 sp=0x00000009f09ff280
Event: 0.605 Thread 0x0000013ac986bc10 DEOPT UNPACKING pc=0x0000013ad8e6d2a2 sp=0x00000009f09ff210 mode 2
Event: 0.697 Thread 0x0000013ac986bc10 Uncommon trap: trap_request=0xffffff45 fr.pc=0x0000013ad94281f4 relative=0x0000000000000994
Event: 0.697 Thread 0x0000013ac986bc10 Uncommon trap: reason=unstable_if action=reinterpret pc=0x0000013ad94281f4 method=java.util.HashMap.putVal(ILjava/lang/Object;Ljava/lang/Object;ZZ)Ljava/lang/Object; @ 181 c2
Event: 0.698 Thread 0x0000013ac986bc10 DEOPT PACKING pc=0x0000013ad94281f4 sp=0x00000009f09fdd40
Event: 0.698 Thread 0x0000013ac986bc10 DEOPT UNPACKING pc=0x0000013ad8e6d2a2 sp=0x00000009f09fdce0 mode 2

Classes loaded (20 events):
Event: 1.225 Loading class javax/swing/text/AbstractDocument$UndoRedoDocumentEvent
Event: 1.226 Loading class javax/swing/text/AbstractDocument$UndoRedoDocumentEvent done
Event: 1.226 Loading class javax/swing/text/DefaultCaret$1
Event: 1.226 Loading class javax/swing/text/DefaultCaret$1 done
Event: 1.226 Loading class javax/swing/event/UndoableEditEvent
Event: 1.226 Loading class javax/swing/event/UndoableEditEvent done
Event: 1.226 Loading class javax/swing/text/AbstractDocument$DefaultDocumentEventUndoableWrapper
Event: 1.226 Loading class sun/swing/text/UndoableEditLockSupport
Event: 1.226 Loading class sun/swing/text/UndoableEditLockSupport done
Event: 1.226 Loading class javax/swing/text/AbstractDocument$DefaultDocumentEventUndoableWrapper done
Event: 1.226 Loading class javax/swing/event/UndoableEditListener
Event: 1.226 Loading class javax/swing/event/UndoableEditListener done
Event: 1.226 Loading class javax/swing/RepaintManager$3
Event: 1.226 Loading class javax/swing/RepaintManager$3 done
Event: 2.482 Loading class javax/swing/Timer$1
Event: 2.483 Loading class javax/swing/Timer$1 done
Event: 2.687 Loading class javax/swing/text/GapContent$RemoveUndo
Event: 2.687 Loading class javax/swing/text/GapContent$RemoveUndo done
Event: 5.681 Loading class javax/swing/Autoscroller
Event: 5.681 Loading class javax/swing/Autoscroller done

Classes unloaded (0 events):
No events

Classes redefined (0 events):
No events

Internal exceptions (16 events):
Event: 0.410 Thread 0x0000013ac986bc10 Exception <a 'java/lang/NoSuchMethodError'{0x0000000714530f00}: 'void java.lang.invoke.DirectMethodHandle$Holder.invokeStatic(java.lang.Object, java.lang.Object, java.lang.Object)'> (0x0000000714530f00) 
thrown [s\open\src\hotspot\share\interpreter\linkResolver.cpp, line 773]
Event: 0.414 Thread 0x0000013ac986bc10 Exception <a 'java/lang/NoSuchMethodError'{0x0000000714548408}: 'java.lang.Object java.lang.invoke.Invokers$Holder.invokeExact_MT(java.lang.Object, java.lang.Object, java.lang.Object, java.lang.Object, java.lang.Object)'> (0x0000000714548408) 
thrown [s\open\src\hotspot\share\interpreter\linkResolver.cpp, line 773]
Event: 0.427 Thread 0x0000013aed57c3e0 Exception <a 'java/lang/NoSuchMethodError'{0x000000071459dff0}: 'void java.lang.invoke.DirectMethodHandle$Holder.invokeStatic(java.lang.Object, java.lang.Object)'> (0x000000071459dff0) 
thrown [s\open\src\hotspot\share\interpreter\linkResolver.cpp, line 773]
Event: 0.434 Thread 0x0000013ac986bc10 Exception <a 'java/lang/ClassNotFoundException'{0x00000007145691a0}: sun/awt/resources/spi/awtProvider> (0x00000007145691a0) 
thrown [s\open\src\hotspot\share\classfile\systemDictionary.cpp, line 305]
Event: 0.449 Thread 0x0000013ac986bc10 Exception <a 'java/io/FileNotFoundException'{0x0000000714226ae0}> (0x0000000714226ae0) 
thrown [s\open\src\hotspot\share\prims\jni.cpp, line 519]
Event: 0.454 Thread 0x0000013ac986bc10 Exception <a 'java/io/FileNotFoundException'{0x0000000714250928}> (0x0000000714250928) 
thrown [s\open\src\hotspot\share\prims\jni.cpp, line 519]
Event: 0.541 Thread 0x0000013ac986bc10 Exception <a 'java/lang/NoSuchMethodError'{0x00000007143c6d40}: 'void java.lang.invoke.DirectMethodHandle$Holder.invokeSpecial(java.lang.Object, java.lang.Object, java.lang.Object)'> (0x00000007143c6d40) 
thrown [s\open\src\hotspot\share\interpreter\linkResolver.cpp, line 773]
Event: 0.548 Thread 0x0000013ac986bc10 Exception <a 'java/lang/NoSuchMethodError'{0x00000007143f0f60}: 'java.lang.Object java.lang.invoke.DirectMethodHandle$Holder.newInvokeSpecial(java.lang.Object, java.lang.Object, java.lang.Object, java.lang.Object, java.lang.Object)'> (0x00000007143f0f60) 
thrown [s\open\src\hotspot\share\interpreter\linkResolver.cpp, line 773]
Event: 0.552 Thread 0x0000013ac986bc10 Exception <a 'java/lang/NoSuchMethodError'{0x0000000714021ac0}: 'java.lang.Object java.lang.invoke.DirectMethodHandle$Holder.invokeStatic(java.lang.Object, int, java.lang.Object)'> (0x0000000714021ac0) 
thrown [s\open\src\hotspot\share\interpreter\linkResolver.cpp, line 773]
Event: 0.568 Thread 0x0000013ac986bc10 Exception <a 'java/lang/ClassNotFoundException'{0x00000007140dcd50}: com/sun/swing/internal/plaf/metal/resources/spi/metalProvider> (0x00000007140dcd50) 
thrown [s\open\src\hotspot\share\classfile\systemDictionary.cpp, line 305]
Event: 0.569 Thread 0x0000013ac986bc10 Exception <a 'java/lang/ClassNotFoundException'{0x00000007140e0d00}: com/sun/swing/internal/plaf/basic/resources/spi/basicProvider> (0x00000007140e0d00) 
thrown [s\open\src\hotspot\share\classfile\systemDictionary.cpp, line 305]
Event: 0.578 Thread 0x0000013ac986bc10 Exception <a 'java/lang/NoSuchMethodError'{0x00000007140fd0e8}: 'int java.lang.invoke.Invokers$Holder.invokeExact_MT(java.lang.Object, java.lang.Object)'> (0x00000007140fd0e8) 
thrown [s\open\src\hotspot\share\interpreter\linkResolver.cpp, line 773]
Event: 0.645 Thread 0x0000013aed6d46c0 Exception <a 'java/lang/NoSuchMethodError'{0x0000000714361de0}: 'void java.lang.invoke.DirectMethodHandle$Holder.invokeVirtual(java.lang.Object, java.lang.Object)'> (0x0000000714361de0) 
thrown [s\open\src\hotspot\share\interpreter\linkResolver.cpp, line 773]
Event: 0.661 Thread 0x0000013ac986bc10 Exception <a 'java/lang/NoSuchMethodError'{0x0000000714190798}: 'void java.lang.invoke.DirectMethodHandle$Holder.invokeStaticInit(java.lang.Object)'> (0x0000000714190798) 
thrown [s\open\src\hotspot\share\interpreter\linkResolver.cpp, line 773]
Event: 0.735 Thread 0x0000013ac986bc10 Exception <a 'java/lang/NoSuchMethodError'{0x0000000713e37178}: 'int java.lang.invoke.DirectMethodHandle$Holder.invokeStatic(java.lang.Object)'> (0x0000000713e37178) 
thrown [s\open\src\hotspot\share\interpreter\linkResolver.cpp, line 773]
Event: 1.033 Thread 0x0000013ae8ce35c0 Exception <a 'java/lang/NoSuchMethodError'{0x0000000713cf6fe0}: 'java.lang.Object java.lang.invoke.Invokers$Holder.invokeExact_MT(java.lang.Object, java.lang.Object, java.lang.Object, java.lang.Object, java.lang.Object, java.lang.Object)'> (0x0000000713cf6fe0) 
thrown [s\open\src\hotspot\share\interpreter\linkResolver.cpp, line 773]

VM Operations (16 events):
Event: 0.348 Executing VM operation: HandshakeAllThreads
Event: 0.348 Executing VM operation: HandshakeAllThreads done
Event: 0.420 Executing VM operation: HandshakeAllThreads
Event: 0.420 Executing VM operation: HandshakeAllThreads done
Event: 0.462 Executing VM operation: HandshakeAllThreads
Event: 0.462 Executing VM operation: HandshakeAllThreads done
Event: 0.626 Executing VM operation: HandshakeAllThreads
Event: 0.626 Executing VM operation: HandshakeAllThreads done
Event: 1.023 Executing VM operation: HandshakeAllThreads
Event: 1.023 Executing VM operation: HandshakeAllThreads done
Event: 2.023 Executing VM operation: Cleanup
Event: 2.024 Executing VM operation: Cleanup done
Event: 4.036 Executing VM operation: Cleanup
Event: 4.036 Executing VM operation: Cleanup done
Event: 5.038 Executing VM operation: Cleanup
Event: 5.038 Executing VM operation: Cleanup done

Events (19 events):
Event: 0.299 Thread 0x0000013ac986bc10 Thread added: 0x0000013ac986bc10
Event: 0.309 Thread 0x0000013ae8cdd8d0 Thread added: 0x0000013ae8cdd8d0
Event: 0.309 Thread 0x0000013ae8cde960 Thread added: 0x0000013ae8cde960
Event: 0.310 Thread 0x0000013ae8ce1b80 Thread added: 0x0000013ae8ce1b80
Event: 0.310 Thread 0x0000013ae8ce35c0 Thread added: 0x0000013ae8ce35c0
Event: 0.310 Thread 0x0000013ae8ce4190 Thread added: 0x0000013ae8ce4190
Event: 0.310 Thread 0x0000013ae8ce4d60 Thread added: 0x0000013ae8ce4d60
Event: 0.310 Thread 0x0000013ae8cefe20 Thread added: 0x0000013ae8cefe20
Event: 0.310 Thread 0x0000013ae8d14db0 Thread added: 0x0000013ae8d14db0
Event: 0.343 Thread 0x0000013aed0b71a0 Thread added: 0x0000013aed0b71a0
Event: 0.384 Thread 0x0000013aed23c720 Thread added: 0x0000013aed23c720
Event: 0.418 Thread 0x0000013aed57c3e0 Thread added: 0x0000013aed57c3e0
Event: 0.418 Thread 0x0000013aed57c930 Thread added: 0x0000013aed57c930
Event: 0.503 Thread 0x0000013aed6d1310 Thread added: 0x0000013aed6d1310
Event: 0.504 Thread 0x0000013aed6d3cf0 Thread added: 0x0000013aed6d3cf0
Event: 0.505 Thread 0x0000013aed6d46c0 Thread added: 0x0000013aed6d46c0
Event: 0.647 Thread 0x0000013aed73ce60 Thread added: 0x0000013aed73ce60
Event: 0.771 Thread 0x0000013aed90b440 Thread added: 0x0000013aed90b440
Event: 1.012 Thread 0x0000013aed23c720 Thread exited: 0x0000013aed23c720


Dynamic libraries:
0x00007ff7a7950000 - 0x00007ff7a795e000 	C:\Users\fogo\.jdks\openjdk-20.0.1\bin\java.exe
0x00007ffb5cef0000 - 0x00007ffb5d0e8000 	C:\windows\SYSTEM32\ntdll.dll
0x00007ffb5c2f0000 - 0x00007ffb5c3af000 	C:\windows\System32\KERNEL32.DLL
0x00007ffb5a9d0000 - 0x00007ffb5aca2000 	C:\windows\System32\KERNELBASE.dll
0x00007ffb5acb0000 - 0x00007ffb5adb0000 	C:\windows\System32\ucrtbase.dll
0x00007ffb351c0000 - 0x00007ffb351d7000 	C:\Users\fogo\.jdks\openjdk-20.0.1\bin\jli.dll
0x00007ffb3a290000 - 0x00007ffb3a2ab000 	C:\Users\fogo\.jdks\openjdk-20.0.1\bin\VCRUNTIME140.dll
0x00007ffb5c050000 - 0x00007ffb5c1f1000 	C:\windows\System32\USER32.dll
0x00007ffb5a7b0000 - 0x00007ffb5a7d2000 	C:\windows\System32\win32u.dll
0x00007ffb45c20000 - 0x00007ffb45eba000 	C:\windows\WinSxS\amd64_microsoft.windows.common-controls_6595b64144ccf1df_6.0.19041.1110_none_60b5254171f9507e\COMCTL32.dll
0x00007ffb5b600000 - 0x00007ffb5b62b000 	C:\windows\System32\GDI32.dll
0x00007ffb5b860000 - 0x00007ffb5b8fe000 	C:\windows\System32\msvcrt.dll
0x00007ffb5ae20000 - 0x00007ffb5af2f000 	C:\windows\System32\gdi32full.dll
0x00007ffb5a710000 - 0x00007ffb5a7ad000 	C:\windows\System32\msvcp_win.dll
0x00007ffb5c410000 - 0x00007ffb5c442000 	C:\windows\System32\IMM32.DLL
0x00007ffb3b5b0000 - 0x00007ffb3b5bc000 	C:\Users\fogo\.jdks\openjdk-20.0.1\bin\vcruntime140_1.dll
0x00007ffb34b00000 - 0x00007ffb34b8e000 	C:\Users\fogo\.jdks\openjdk-20.0.1\bin\msvcp140.dll
0x00007ffac55b0000 - 0x00007ffac6247000 	C:\Users\fogo\.jdks\openjdk-20.0.1\bin\server\jvm.dll
0x00007ffb5af30000 - 0x00007ffb5afde000 	C:\windows\System32\ADVAPI32.dll
0x00007ffb5cce0000 - 0x00007ffb5cd7c000 	C:\windows\System32\sechost.dll
0x00007ffb5c8f0000 - 0x00007ffb5ca15000 	C:\windows\System32\RPCRT4.dll
0x00007ffb38fe0000 - 0x00007ffb38fe9000 	C:\windows\SYSTEM32\WSOCK32.dll
0x00007ffb5c280000 - 0x00007ffb5c2eb000 	C:\windows\System32\WS2_32.dll
0x00007ffb490f0000 - 0x00007ffb49117000 	C:\windows\SYSTEM32\WINMM.dll
0x00007ffb50430000 - 0x00007ffb5043a000 	C:\windows\SYSTEM32\VERSION.dll
0x00007ffb58df0000 - 0x00007ffb58e02000 	C:\windows\SYSTEM32\kernel.appcore.dll
0x00007ffb3b590000 - 0x00007ffb3b59a000 	C:\Users\fogo\.jdks\openjdk-20.0.1\bin\jimage.dll
0x00007ffb58030000 - 0x00007ffb58214000 	C:\windows\SYSTEM32\DBGHELP.DLL
0x00007ffb44990000 - 0x00007ffb449c5000 	C:\windows\SYSTEM32\dbgcore.DLL
0x00007ffb5a7e0000 - 0x00007ffb5a862000 	C:\windows\System32\bcryptPrimitives.dll
0x00007ffb44dc0000 - 0x00007ffb44dce000 	C:\Users\fogo\.jdks\openjdk-20.0.1\bin\instrument.dll
0x00007ffb35190000 - 0x00007ffb351b6000 	C:\Users\fogo\.jdks\openjdk-20.0.1\bin\java.dll
0x00007ffb0fb40000 - 0x00007ffb0fc17000 	C:\Users\fogo\.jdks\openjdk-20.0.1\bin\jsvml.dll
0x00007ffb5b900000 - 0x00007ffb5c045000 	C:\windows\System32\SHELL32.dll
0x00007ffb58640000 - 0x00007ffb58dd2000 	C:\windows\SYSTEM32\windows.storage.dll
0x00007ffb5c4e0000 - 0x00007ffb5c835000 	C:\windows\System32\combase.dll
0x00007ffb59f60000 - 0x00007ffb59f90000 	C:\windows\SYSTEM32\Wldp.dll
0x00007ffb5c840000 - 0x00007ffb5c8ed000 	C:\windows\System32\SHCORE.dll
0x00007ffb5cbd0000 - 0x00007ffb5cc25000 	C:\windows\System32\shlwapi.dll
0x00007ffb5a520000 - 0x00007ffb5a53f000 	C:\windows\SYSTEM32\profapi.dll
0x00007ffb34740000 - 0x00007ffb34758000 	C:\Users\fogo\.jdks\openjdk-20.0.1\bin\zip.dll
0x00007ffb34ae0000 - 0x00007ffb34af3000 	C:\Users\fogo\.jdks\openjdk-20.0.1\bin\net.dll
0x00007ffb4f9e0000 - 0x00007ffb4faec000 	C:\windows\SYSTEM32\WINHTTP.dll
0x00007ffb59d40000 - 0x00007ffb59daa000 	C:\windows\system32\mswsock.dll
0x00007ffb34760000 - 0x00007ffb34776000 	C:\Users\fogo\.jdks\openjdk-20.0.1\bin\nio.dll
0x00007ffb3a630000 - 0x00007ffb3a64a000 	C:\Program Files\JetBrains\IntelliJ IDEA 2023.1.2\bin\breakgen64.dll
0x00007ffb3b410000 - 0x00007ffb3b417000 	C:\Users\fogo\.jdks\openjdk-20.0.1\bin\extnet.dll
0x00007ffb10aa0000 - 0x00007ffb10c30000 	C:\Users\fogo\.jdks\openjdk-20.0.1\bin\awt.dll
0x00007ffb5cde0000 - 0x00007ffb5cead000 	C:\windows\System32\OLEAUT32.dll
0x00007ffb53e90000 - 0x00007ffb53f20000 	C:\windows\SYSTEM32\apphelp.dll
0x00007ffb57cf0000 - 0x00007ffb57d1f000 	C:\windows\system32\DWMAPI.DLL
0x00007ffb53fd0000 - 0x00007ffb5406e000 	C:\windows\system32\uxtheme.dll
0x00007ffb33e50000 - 0x00007ffb33f75000 	C:\windows\system32\opengl32.dll
0x00007ffb345c0000 - 0x00007ffb345ec000 	C:\windows\SYSTEM32\GLU32.dll
0x00007ffb5cab0000 - 0x00007ffb5cbc5000 	C:\windows\System32\MSCTF.dll
0x00007ffb5b710000 - 0x00007ffb5b83a000 	C:\windows\System32\ole32.dll
0x00007ffb1d5d0000 - 0x00007ffb1d656000 	C:\Users\fogo\.jdks\openjdk-20.0.1\bin\freetype.dll
0x00007ffb0fef0000 - 0x00007ffb0ffb6000 	C:\Users\fogo\.jdks\openjdk-20.0.1\bin\fontmanager.dll
0x00007ffb5cc30000 - 0x00007ffb5ccd9000 	C:\windows\System32\clbcatq.dll
0x00007ffb4eea0000 - 0x00007ffb4f054000 	C:\windows\SYSTEM32\WindowsCodecs.dll
0x00007ffb5a5e0000 - 0x00007ffb5a607000 	C:\windows\System32\bcrypt.dll
0x00007ffb35400000 - 0x00007ffb3543e000 	C:\windows\system32\dataexchange.dll
0x00007ffb53380000 - 0x00007ffb53563000 	C:\windows\system32\dcomp.dll
0x00007ffb52250000 - 0x00007ffb524b3000 	C:\windows\system32\d3d11.dll
0x00007ffb58e60000 - 0x00007ffb58f53000 	C:\windows\system32\dxgi.dll
0x00007ffb4f160000 - 0x00007ffb4f360000 	C:\windows\system32\twinapi.appcore.dll
0x00007ffb44430000 - 0x00007ffb44529000 	C:\windows\SYSTEM32\textinputframework.dll
0x00007ffb53c50000 - 0x00007ffb53d42000 	C:\windows\System32\CoreMessaging.dll
0x00007ffb538f0000 - 0x00007ffb53c4e000 	C:\windows\System32\CoreUIComponents.dll
0x00007ffb59730000 - 0x00007ffb59763000 	C:\windows\SYSTEM32\ntmarta.dll
0x00007ffb53220000 - 0x00007ffb53374000 	C:\windows\SYSTEM32\wintypes.dll

dbghelp: loaded successfully - version: 4.0.5 - missing functions: none
symbol engine: initialized successfully - sym options: 0x614 - pdb path: .;C:\Users\fogo\.jdks\openjdk-20.0.1\bin;C:\windows\SYSTEM32;C:\windows\WinSxS\amd64_microsoft.windows.common-controls_6595b64144ccf1df_6.0.19041.1110_none_60b5254171f9507e;C:\Users\fogo\.jdks\openjdk-20.0.1\bin\server;C:\Program Files\JetBrains\IntelliJ IDEA 2023.1.2\bin

VM Arguments:
jvm_args: -javaagent:C:\Program Files\JetBrains\IntelliJ IDEA 2023.1.2\lib\idea_rt.jar=55076:C:\Program Files\JetBrains\IntelliJ IDEA 2023.1.2\bin -Dfile.encoding=UTF-8 -Dsun.stdout.encoding=UTF-8 -Dsun.stderr.encoding=UTF-8 
java_command: org.ngu.App
java_class_path (initial): C:\Users\fogo\Desktop\club\SQL\target\classes;C:\Users\fogo\.m2\repository\org\springframework\boot\spring-boot-starter\3.0.6\spring-boot-starter-3.0.6.jar;C:\Users\fogo\.m2\repository\org\springframework\boot\spring-boot\3.0.6\spring-boot-3.0.6.jar;C:\Users\fogo\.m2\repository\org\springframework\boot\spring-boot-autoconfigure\3.0.6\spring-boot-autoconfigure-3.0.6.jar;C:\Users\fogo\.m2\repository\org\springframework\boot\spring-boot-starter-logging\3.0.6\spring-boot-starter-logging-3.0.6.jar;C:\Users\fogo\.m2\repository\ch\qos\logback\logback-classic\1.4.7\logback-classic-1.4.7.jar;C:\Users\fogo\.m2\repository\ch\qos\logback\logback-core\1.4.7\logback-core-1.4.7.jar;C:\Users\fogo\.m2\repository\org\apache\logging\log4j\log4j-to-slf4j\2.19.0\log4j-to-slf4j-2.19.0.jar;C:\Users\fogo\.m2\repository\org\apache\logging\log4j\log4j-api\2.19.0\log4j-api-2.19.0.jar;C:\Users\fogo\.m2\repository\org\slf4j\jul-to-slf4j\2.0.7\jul-to-slf4j-2.0.7.jar;C:\Users\fogo\.m2\repository\jakarta\annotation\jakarta.annotation-api\2.1.1\jakarta.annotation-api-2.1.1.jar;C:\Users\fogo\.m2\repository\org\springframework\spring-core\6.0.8\spring-core-6.0.8.jar;C:\Users\fogo\.m2\repository\org\springframework\spring-jcl\6.0.8\spring-jcl-6.0.8.jar;C:\Users\fogo\.m2\repository\org\yaml\snakeyaml\1.33\snakeyaml-1.33.jar;C:\Users\fogo\.m2\repository\org\springframework\boot\spring-boot-starter-web\3.0.6\spring-boot-starter-web-3.0.6.jar;C:\Users\fogo\.m2\repository\org\springframework\boot\spring-boot-starter-json\3.0.6\spring-boot-starter-json-3.0.6.jar;C:\Users\fogo\.m2\repository\com\fasterxml\jackson\core\jackson-databind\2.14.2\jackson-databind-2.14.2.jar;C:\Users\fogo\.m2\repository\com\fasterxml\jackson\core\jackson-annotations\2.14.2\jackson-annotations-2.14.2.jar;C:\Users\fogo\.m2\repository\com\fasterxml\jackson\core\jackson-core\2.14.2\jackson-core-2.14.2.jar;C:\Users\fogo\.m2\repository\com\fasterxml\jackson\datatype\jackson-datatype-jdk8\2.14.2\jackson-datatype-jdk8-2.14.2.jar;C:\Users\fogo\.m2\repository\com\fasterxml\jackson\datatype\jackson-datatype-jsr310\2.14.2\jackson-datatype-jsr310-2.14.2.jar;C:\Users\fogo\.m2\repository\com\fasterxml\jackson\module\jackson-module-parameter-names\2.14.2\jackson-module-parameter-names-2.14.2.jar;C:\Users\fogo\.m2\repository\org\springframework\boot\spring-boot-starter-tomcat\3.0.6\spring-boot-starter-tomcat-3.0.6.jar;C:\Users\fogo\.m2\repository\org\apache\tomcat\embed\tomcat-embed-core\10.1.8\tomcat-embed-core-10.1.8.jar;C:\Users\fogo\.m2\repository\org\apache\tomcat\embed\tomcat-embed-el\10.1.8\tomcat-embed-el-10.1.8.jar;C:\Users\fogo\.m2\repository\org\apache\tomcat\embed\tomcat-embed-websocket\10.1.8\tomcat-embed-websocket-10.1.8.jar;C:\Users\fogo\.m2\repository\org\springframework\spring-webmvc\6.0.8\spring-webmvc-6.0.8.jar;C:\Users\fogo\.m2\repository\org\springframework\spring-aop\6.0.8\spring-aop-6.0.8.jar;C:\Users\fogo\.m2\repository\org\springframework\spring-expression\6.0.8\spring-expression-6.0.8.jar;C:\Users\fogo\.m2\repository\org\springframework\spring-web\6.0.8\spring-web-6.0.8.jar;C:\Users\fogo\.m2\repository\org\springframework\spring-beans\6.0.8\spring-beans-6.0.8.jar;C:\Users\fogo\.m2\repository\io\micrometer\micrometer-observation\1.10.6\micrometer-observation-1.10.6.jar;C:\Users\fogo\.m2\repository\io\micrometer\micrometer-commons\1.10.6\micrometer-commons-1.10.6.jar;C:\Users\fogo\.m2\repository\org\springframework\boot\spring-boot-starter-jdbc\3.0.6\spring-boot-starter-jdbc-3.0.6.jar;C:\Users\fogo\.m2\repository\com\zaxxer\HikariCP\5.0.1\HikariCP-5.0.1.jar;C:\Users\fogo\.m2\repository\org\slf4j\slf4j-api\2.0.7\slf4j-api-2.0.7.jar;C:\Users\fogo\.m2\repository\org\springframework\spring-jdbc\6.0.8\spring-jdbc-6.0.8.jar;C:\Users\fogo\.m2\repository\org\springframework\spring-tx\6.0.8\spring-tx-6.0.8.jar;C:\Users\fogo\.m2\repository\org\postgresql\postgresql\42.5.4\postgresql-42.5.4.jar;C:\Users\fogo\.m2\repository\org\checkerframework\checker-qual\3.5.0\checker-qual-3.5.0.jar;C:\Users\fogo\.m2\repository\org\springframework\boot\spring-boot-starter-data-jpa\3.0.6\spring-boot-starter-data-jpa-3.0.6.jar;C:\Users\fogo\.m2\repository\org\springframework\boot\spring-boot-starter-aop\3.0.6\spring-boot-starter-aop-3.0.6.jar;C:\Users\fogo\.m2\repository\org\aspectj\aspectjweaver\1.9.19\aspectjweaver-1.9.19.jar;C:\Users\fogo\.m2\repository\org\hibernate\orm\hibernate-core\6.1.7.Final\hibernate-core-6.1.7.Final.jar;C:\Users\fogo\.m2\repository\jakarta\persistence\jakarta.persistence-api\3.1.0\jakarta.persistence-api-3.1.0.jar;C:\Users\fogo\.m2\repository\jakarta\transaction\jakarta.transaction-api\2.0.1\jakarta.transaction-api-2.0.1.jar;C:\Users\fogo\.m2\repository\org\jboss\logging\jboss-logging\3.5.0.Final\jboss-logging-3.5.0.Final.jar;C:\Users\fogo\.m2\repository\org\hibernate\common\hibernate-commons-annotations\6.0.6.Final\hibernate-commons-annotations-6.0.6.Final.jar;C:\Users\fogo\.m2\repository\org\jboss\jandex\2.4.2.Final\jandex-2.4.2.Final.jar;C:\Users\fogo\.m2\repository\com\fasterxml\classmate\1.5.1\classmate-1.5.1.jar;C:\Users\fogo\.m2\repository\net\bytebuddy\byte-buddy\1.12.23\byte-buddy-1.12.23.jar;C:\Users\fogo\.m2\repository\jakarta\xml\bind\jakarta.xml.bind-api\4.0.0\jakarta.xml.bind-api-4.0.0.jar;C:\Users\fogo\.m2\repository\jakarta\activation\jakarta.activation-api\2.1.1\jakarta.activation-api-2.1.1.jar;C:\Users\fogo\.m2\repository\org\glassfish\jaxb\jaxb-runtime\4.0.2\jaxb-runtime-4.0.2.jar;C:\Users\fogo\.m2\repository\org\glassfish\jaxb\jaxb-core\4.0.2\jaxb-core-4.0.2.jar;C:\Users\fogo\.m2\repository\org\eclipse\angus\angus-activation\2.0.0\angus-activation-2.0.0.jar;C:\Users\fogo\.m2\repository\org\glassfish\jaxb\txw2\4.0.2\txw2-4.0.2.jar;C:\Users\fogo\.m2\repository\com\sun\istack\istack-commons-runtime\4.1.1\istack-commons-runtime-4.1.1.jar;C:\Users\fogo\.m2\repository\jakarta\inject\jakarta.inject-api\2.0.0\jakarta.inject-api-2.0.0.jar;C:\Users\fogo\.m2\repository\org\antlr\antlr4-runtime\4.10.1\antlr4-runtime-4.10.1.jar;C:\Users\fogo\.m2\repository\org\springframework\data\spring-data-jpa\3.0.5\spring-data-jpa-3.0.5.jar;C:\Users\fogo\.m2\repository\org\springframework\data\spring-data-commons\3.0.5\spring-data-commons-3.0.5.jar;C:\Users\fogo\.m2\repository\org\springframework\spring-orm\6.0.8\spring-orm-6.0.8.jar;C:\Users\fogo\.m2\repository\org\springframework\spring-aspects\6.0.8\spring-aspects-6.0.8.jar;C:\Users\fogo\.m2\repository\org\springframework\spring-context-support\6.0.8\spring-context-support-6.0.8.jar;C:\Users\fogo\.m2\repository\org\springframework\spring-context\6.0.8\spring-context-6.0.8.jar;C:\Users\fogo\.m2\repository\org\projectlombok\lombok\1.18.26\lombok-1.18.26.jar;C:\Users\fogo\.m2\repository\com\oracle\database\jdbc\ojdbc10\19.12.0.0\ojdbc10-19.12.0.0.jar
Launcher Type: SUN_STANDARD

[Global flags]
     intx CICompilerCount                          = 4                                         {product} {ergonomic}
     uint ConcGCThreads                            = 2                                         {product} {ergonomic}
     uint G1ConcRefinementThreads                  = 8                                         {product} {ergonomic}
   size_t G1HeapRegionSize                         = 2097152                                   {product} {ergonomic}
    uintx GCDrainStackTargetSize                   = 64                                        {product} {ergonomic}
   size_t InitialHeapSize                          = 264241152                                 {product} {ergonomic}
   size_t MarkStackSize                            = 4194304                                   {product} {ergonomic}
   size_t MaxHeapSize                              = 4211081216                                {product} {ergonomic}
   size_t MaxNewSize                               = 2524971008                                {product} {ergonomic}
   size_t MinHeapDeltaBytes                        = 2097152                                   {product} {ergonomic}
   size_t MinHeapSize                              = 8388608                                   {product} {ergonomic}
    uintx NonNMethodCodeHeapSize                   = 5839372                                {pd product} {ergonomic}
    uintx NonProfiledCodeHeapSize                  = 122909434                              {pd product} {ergonomic}
    uintx ProfiledCodeHeapSize                     = 122909434                              {pd product} {ergonomic}
    uintx ReservedCodeCacheSize                    = 251658240                              {pd product} {ergonomic}
     bool SegmentedCodeCache                       = true                                      {product} {ergonomic}
   size_t SoftMaxHeapSize                          = 4211081216                             {manageable} {ergonomic}
     bool UseCompressedClassPointers               = true                           {product lp64_product} {ergonomic}
     bool UseCompressedOops                        = true                           {product lp64_product} {ergonomic}
     bool UseG1GC                                  = true                                      {product} {ergonomic}
     bool UseLargePagesIndividualAllocation        = false                                  {pd product} {ergonomic}

Logging:
Log output configuration:
 #0: stdout all=warning uptime,level,tags foldmultilines=false
 #1: stderr all=off uptime,level,tags foldmultilines=false

Environment Variables:
PATH=C:\Program Files\Oculus\Support\oculus-runtime;C:\Windows\system32;C:\Windows;C:\Windows\System32\Wbem;C:\Windows\System32\WindowsPowerShell\v1.0\;C:\Program Files\NVIDIA Corporation\NVIDIA NvDLISR;C:\Program Files (x86)\NVIDIA Corporation\PhysX\Common;C:\Program Files\Erlang OTP\bin;C:\Program Files\Git\cmd;C:\Program Files\Docker\Docker\resources\bin;C:\Program Files (x86)\GtkSharp\2.12\bin;C:\Users\fogo\AppData\Local\Programs\Python\Python310\Scripts\;C:\Users\fogo\AppData\Local\Programs\Python\Python310\;C:\Users\fogo\AppData\Local\Microsoft\WindowsApps;;C:\Program Files\JetBrains\IntelliJ IDEA 2023.1.2\bin;;C:\Program Files\JetBrains\IntelliJ IDEA Community Edition 2022.3.2\bin;;C:\Program Files\JetBrains\PyCharm Community Edition 2022.3.2\bin;
USERNAME=fogo
OS=Windows_NT
PROCESSOR_IDENTIFIER=Intel64 Family 6 Model 140 Stepping 1, GenuineIntel
TMP=C:\Temp
TEMP=C:\Temp




---------------  S Y S T E M  ---------------

OS:
 Windows 10 , 64 bit Build 19041 (10.0.19041.2546)
OS uptime: 0 days 9:16 hours
Hyper-V role detected

CPU: total 8 (initial active 8) (4 cores per cpu, 2 threads per core) family 6 model 140 stepping 1 microcode 0x86, cx8, cmov, fxsr, ht, mmx, 3dnowpref, sse, sse2, sse3, ssse3, sse4.1, sse4.2, popcnt, lzcnt, tsc, tscinvbit, avx, avx2, aes, erms, clmul, bmi1, bmi2, adx, avx512f, avx512dq, avx512cd, avx512bw, avx512vl, sha, fma, vzeroupper, avx512_vpopcntdq, avx512_vpclmulqdq, avx512_vaes, avx512_vnni, clflush, clflushopt, clwb, avx512_vbmi2, avx512_vbmi, hv, rdtscp, rdpid, fsrm, gfni, avx512_bitalg, f16c, cet_ibt, cet_ss, avx512_ifma

Memory: 4k page, system-wide physical 16061M (334M free)
TotalPageFile size 65213M (AvailPageFile size 3M)
current process WorkingSet (physical memory assigned to process): 77M, peak: 77M
current process commit charge ("private bytes"): 358M, peak: 358M

vm_info: OpenJDK 64-Bit Server VM (20.0.1+9-29) for windows-amd64 JRE (20.0.1+9-29), built on 2023-03-07T13:56:11Z by "mach5one" with MS VC++ 17.1 (VS2022)

END.
